Unrecognized option: -jar \
Error: Could not create the Java Virtual Machine.
Error: A fatal exception has occurred. Program will exit.
Unrecognized option: -jar \
Error: Could not create the Java Virtual Machine.
Error: A fatal exception has occurred. Program will exit.
Unrecognized option: -jar \
Error: Could not create the Java Virtual Machine.
Error: A fatal exception has occurred. Program will exit.
Unrecognized option: -jar \
Error: Could not create the Java Virtual Machine.
Error: A fatal exception has occurred. Program will exit.
Unrecognized option: -jar \
Error: Could not create the Java Virtual Machine.
Error: A fatal exception has occurred. Program will exit.
Unrecognized option: -jar \
Error: Could not create the Java Virtual Machine.
Error: A fatal exception has occurred. Program will exit.
Unrecognized option: -jar \
Error: Could not create the Java Virtual Machine.
Error: A fatal exception has occurred. Program will exit.
Unrecognized option: -jar \
Error: Could not create the Java Virtual Machine.
Error: A fatal exception has occurred. Program will exit.
Unrecognized option: -jar \
Error: Could not create the Java Virtual Machine.
Error: A fatal exception has occurred. Program will exit.
Unrecognized option: -jar \
Error: Could not create the Java Virtual Machine.
Error: A fatal exception has occurred. Program will exit.
Unrecognized option: -jar \
Error: Could not create the Java Virtual Machine.
Error: A fatal exception has occurred. Program will exit.
Unrecognized option: -jar \
Error: Could not create the Java Virtual Machine.
Error: A fatal exception has occurred. Program will exit.
Error: -jar requires jar file specification
사용법: java [옵션] <기본 클래스> [args...]
           (클래스 실행)
   또는  java [옵션] -jar <jar 파일> [args...]
           (jar 파일 실행)
   또는  java [옵션] -m <모듈>[/<기본 클래스>] [args...]
       java [옵션] --module <모듈>[/<기본 클래스>] [args...]
           (모듈의 기본 클래스 실행)

 기본 클래스, -jar <jar 파일>, -m 또는 --module
 <모듈>/<기본 클래스> 뒤에 나오는 인수는 기본 클래스에 인수로 전달됩니다.

 이 경우 옵션에는 다음이 포함됩니다.

    -cp <디렉토리 및 zip/jar 파일의 클래스 검색 경로>
    -classpath <디렉토리 및 zip/jar 파일의 클래스 검색 경로>
    --class-path <디렉토리 및 zip/jar 파일의 클래스 검색 경로>
                  클래스 파일을 검색하기 위한 디렉토리, JAR 아카이브 및 ZIP 아카이브의 :(으)로
                  구분된 목록입니다.
    -p <모듈 경로>
    --module-path <모듈 경로>...
                  디렉토리의 :(으)로 구분된 목록입니다. 각 디렉토리는
                  모듈의 디렉토리입니다.
    --upgrade-module-path <모듈 경로>...
                  디렉토리의 :(으)로 구분된 목록입니다. 각 디렉토리는
                  런타임 이미지에서 업그레이드 가능한 모듈을 대체하는
                  모듈의 디렉토리입니다.
    --add-modules <모듈 이름>[,<모듈 이름>...]
                  초기 모듈 이외의 해결할 루트 모듈입니다.
                  <모듈 이름>은 ALL-DEFAULT, ALL-SYSTEM일 수 있습니다.
                  ALL-MODULE-PATH.
    --list-modules
                  관찰 가능한 모듈을 나열하고 종료합니다.
    -d <모듈 이름>
    --describe-module <모듈 이름>
                  모듈을 설명하고 종료합니다.
    --dry-run     VM을 생성하고 기본 클래스를 로드하지만 기본 메소드를 실행하지는 않습니다.
                  --dry-run 옵션은 모듈 시스템 구성과 같은
                  명령줄 옵션 검증에 유용할 수 있습니다.
    --validate-modules
                  모든 모듈을 검증하고 종료합니다.
                  --validate-modules 옵션은 모듈 경로에서 모듈에 대한
                  충돌 및 기타 오류를 찾는 데 유용할 수 있습니다.
    -D<이름>=<값>
                  시스템 속성을 설정합니다.
    -verbose:[class|module|gc|jni]
                  상세 정보 출력을 사용으로 설정
    -version      오류 스트림에 제품 버전을 인쇄하고 종료합니다.
    --version     출력 스트림에 제품 버전을 인쇄하고 종료합니다.
    -showversion  오류 스트림에 제품 버전을 인쇄하고 계속합니다.
    --show-version
                  출력 스트림에 제품 버전을 인쇄하고 계속합니다.
    --show-module-resolution
                  시작 중 모듈 분석 출력을 표시합니다.
    -? -h -help
                  오류 스트림에 이 도움말 메시지를 인쇄합니다.
    --help        출력 스트림에 이 도움말 메시지를 인쇄합니다.
    -X            오류 스트림에 추가 옵션에 대한 도움말을 인쇄합니다.
    --help-extra  출력 스트림에 추가 옵션에 대한 도움말을 인쇄합니다.
    -ea[:<패키지 이름>...|:<클래스 이름>]
    -enableassertions[:<패키지 이름>...|:<클래스 이름>]
                  세분성이 지정된 검증을 사용으로 설정합니다.
    -da[:<패키지 이름>...|:<클래스 이름>]
    -disableassertions[:<패키지 이름>...|:<클래스 이름>]
                  세분성이 지정된 검증을 사용 안함으로 설정합니다.
    -esa | -enablesystemassertions
                  시스템 검증을 사용으로 설정합니다.
    -dsa | -disablesystemassertions
                  시스템 검증을 사용 안함으로 설정합니다.
    -agentlib:<라이브러리 이름>[=<옵션>]
                  고유 에이전트 라이브러리 <라이브러리 이름>을 로드합니다(예: -agentlib:jdwp).
                  -agentlib:jdwp=help도 참조하십시오.
    -agentpath:<경로 이름>[=<옵션>]
                  전체 경로 이름을 사용하여 고유 에이전트 라이브러리를 로드합니다.
    -javaagent:<jar 경로>[=<옵션>]
                  Java 프로그래밍 언어 에이전트를 로드합니다. java.lang.instrument를 참조하십시오.
    -splash:<이미지 경로>
                  이미지가 지정된 스플래시 화면을 표시합니다.
                  HiDPI로 조정된 이미지가 자동으로 지원되고 사용 가능한 경우
                  사용됩니다. 미조정 이미지 파일 이름(예: image.ext)은
                  항상 -splash 옵션에 인수로 전달되어야 합니다.
                  가장 적절히 조정된 이미지가 자동으로
                  채택됩니다.
                  자세한 내용은 SplashScreen API 설명서를 참조하십시오.
    @인수 파일
                  -disable-@files 옵션이 포함되어 있는 하나 이상의
    인수 파일
                  추가 인수 파일 확장을 방지합니다.
long 옵션에 대한 인수를 지정하려면 --<이름>=<값> 또는
--<이름> <값>을 사용할 수 있습니다.

